[11:25:39] [main/INFO]: ModLauncher running: args [--username, Super2019, --version, forge-47.3.0, --gameDir, C:\Users\owena\curseforge\minecraft\Instances\All Our Mods V2, --assetsDir, C:\Users\owena\curseforge\minecraft\Install\assets, --assetIndex, 5, --uuid, 032cdc4136eb47a997651176e71f3ef1, --accessToken, ????????, --clientId, M2U2ZWU1NGEtMGI1ZS00YjlhLTkwZDQtZDM4MjZlNzdiNWZl, --xuid, 2535455266721157, --userType, msa, --versionType, release, --width, 854, --height, 480, --quickPlayPath, C:\Users\owena\curseforge\minecraft\Install\quickPlay\java\1728401137958.json, --launchTarget, forgeclient, --fml.forgeVersion, 47.3.0, --fml.mcVersion, 1.20.1, --fml.forgeGroup, net.minecraftforge, --fml.mcpVersion, 20230612.114412]
[11:25:39] [main/INFO]: ModLauncher 10.0.9+10.0.9+main.dcd20f30 starting: java version 17.0.8 by Microsoft; OS Windows 11 arch amd64 version 10.0
[11:25:39] [main/WARN]: Configuration file C:\Users\owena\curseforge\minecraft\Instances\All Our Mods V2\config\fml.toml is not correct. Correcting
[11:25:39] [main/INFO]: Incorrect key [earlyWindowSkipGLVersions] was corrected from null to []
[11:25:39] [main/INFO]: Incorrect key [earlyWindowSquir] was corrected from null to false
[11:25:39] [main/INFO]: Incorrect key [earlyWindowShowCPU] was corrected from null to false
[11:25:40] [main/INFO]: Loading ImmediateWindowProvider fmlearlywindow
[11:25:40] [main/INFO]: Trying GL version 4.6
[11:25:40] [main/INFO]: Requested GL version 4.6 got version 4.6
[11:25:40] [main/INFO]: SpongePowered MIXIN Subsystem Version=0.8.5 Source=union:/C:/Users/owena/curseforge/minecraft/Install/libraries/org/spongepowered/mixin/0.8.5/mixin-0.8.5.jar%23100!/ Service=ModLauncher Env=CLIENT
[11:25:40] [main/INFO]: Found mod file auudio_forge_1.0.3_MC_1.19.3.jar of type MOD with provider {mods folder locator at C:\Users\owena\curseforge\minecraft\Instances\All Our Mods V2\mods}
[11:25:40] [main/INFO]: Found mod file drippyloadingscreen_forge_3.0.8_MC_1.20.1.jar of type MOD with provider {mods folder locator at C:\Users\owena\curseforge\minecraft\Instances\All Our Mods V2\mods}
[11:25:40] [main/INFO]: Found mod file fancymenu_forge_3.2.3_MC_1.20.1.jar of type MOD with provider {mods folder locator at C:\Users\owena\curseforge\minecraft\Instances\All Our Mods V2\mods}
[11:25:40] [main/INFO]: Found mod file fancymenu_video-1.20.1-2.1.2.jar of type MOD with provider {mods folder locator at C:\Users\owena\curseforge\minecraft\Instances\All Our Mods V2\mods}
[11:25:40] [main/INFO]: Found mod file fm_audio_extension_forge_1.1.3_MC_1.20.1.jar of type MOD with provider {mods folder locator at C:\Users\owena\curseforge\minecraft\Instances\All Our Mods V2\mods}
[11:25:40] [main/INFO]: Found mod file fmsia_forge_1.0.1_MC_1.20.1.jar of type MOD with provider {mods folder locator at C:\Users\owena\curseforge\minecraft\Instances\All Our Mods V2\mods}
[11:25:40] [main/INFO]: Found mod file konkrete_forge_1.8.0_MC_1.20-1.20.1.jar of type MOD with provider {mods folder locator at C:\Users\owena\curseforge\minecraft\Instances\All Our Mods V2\mods}
[11:25:40] [main/INFO]: Found mod file melody_forge_1.0.3_MC_1.20.1-1.20.4.jar of type MOD with provider {mods folder locator at C:\Users\owena\curseforge\minecraft\Instances\All Our Mods V2\mods}
[11:25:40] [main/INFO]: Found mod file watermedia-2.0.72.jar of type MOD with provider {mods folder locator at C:\Users\owena\curseforge\minecraft\Instances\All Our Mods V2\mods}
[11:25:40] [pool-2-thread-1/INFO]: GL info: NVIDIA GeForce RTX 3080/PCIe/SSE2 GL version 4.6.0 NVIDIA 561.09, NVIDIA Corporation
[11:25:40] [main/WARN]: Mod file C:\Users\owena\curseforge\minecraft\Install\libraries\net\minecraftforge\fmlcore\1.20.1-47.3.0\fmlcore-1.20.1-47.3.0.jar is missing mods.toml file
[11:25:40] [main/WARN]: Mod file C:\Users\owena\curseforge\minecraft\Install\libraries\net\minecraftforge\javafmllanguage\1.20.1-47.3.0\javafmllanguage-1.20.1-47.3.0.jar is missing mods.toml file
[11:25:40] [main/WARN]: Mod file C:\Users\owena\curseforge\minecraft\Install\libraries\net\minecraftforge\lowcodelanguage\1.20.1-47.3.0\lowcodelanguage-1.20.1-47.3.0.jar is missing mods.toml file
[11:25:40] [main/WARN]: Mod file C:\Users\owena\curseforge\minecraft\Install\libraries\net\minecraftforge\mclanguage\1.20.1-47.3.0\mclanguage-1.20.1-47.3.0.jar is missing mods.toml file
[11:25:40] [main/INFO]: Found mod file fmlcore-1.20.1-47.3.0.jar of type LIBRARY with provider net.minecraftforge.fml.loading.moddiscovery.MinecraftLocator@56ba8773
[11:25:40] [main/INFO]: Found mod file javafmllanguage-1.20.1-47.3.0.jar of type LANGPROVIDER with provider net.minecraftforge.fml.loading.moddiscovery.MinecraftLocator@56ba8773
[11:25:40] [main/INFO]: Found mod file lowcodelanguage-1.20.1-47.3.0.jar of type LANGPROVIDER with provider net.minecraftforge.fml.loading.moddiscovery.MinecraftLocator@56ba8773
[11:25:40] [main/INFO]: Found mod file mclanguage-1.20.1-47.3.0.jar of type LANGPROVIDER with provider net.minecraftforge.fml.loading.moddiscovery.MinecraftLocator@56ba8773
[11:25:40] [main/INFO]: Found mod file client-1.20.1-20230612.114412-srg.jar of type MOD with provider net.minecraftforge.fml.loading.moddiscovery.MinecraftLocator@56ba8773
[11:25:40] [main/INFO]: Found mod file forge-1.20.1-47.3.0-universal.jar of type MOD with provider net.minecraftforge.fml.loading.moddiscovery.MinecraftLocator@56ba8773
[11:25:40] [main/INFO]: Found 4 dependencies adding them to mods collection
[11:25:40] [main/INFO]: Found mod file animated-gif-lib-for-java-animated-gif-lib-1.7.jar of type GAMELIBRARY with provider net.minecraftforge.fml.loading.moddiscovery.JarInJarDependencyLocator@4b2d44bc
[11:25:40] [main/INFO]: Found mod file mixinextras-forge-0.3.5.jar of type GAMELIBRARY with provider net.minecraftforge.fml.loading.moddiscovery.JarInJarDependencyLocator@4b2d44bc
[11:25:40] [main/INFO]: Found mod file MixinExtras-0.3.5.jar of type GAMELIBRARY with provider net.minecraftforge.fml.loading.moddiscovery.JarInJarDependencyLocator@4b2d44bc
[11:25:40] [main/INFO]: Found mod file japng-0.5.3.jar of type GAMELIBRARY with provider net.minecraftforge.fml.loading.moddiscovery.JarInJarDependencyLocator@4b2d44bc
[11:25:40] [main/ERROR]: Missing or unsupported mandatory dependencies:
	Mod ID: 'fancymenu', Requested by: 'fmextension_audio', Expected range: '[2.14.0,3.0.0)', Actual version: '3.2.3'
[11:25:40] [main/ERROR]: Unsupported installed optional dependencies:
	Mod ID: 'fmextension_audio', Requested by: 'fancymenu', Expected range: '[99999.0 §cFancyMenu v3+ does not support the audio extension. Please remove the extension.§r,99999.0 §cFancyMenu v3+ does not support the audio extension. Please remove the extension.§r]', Actual version: '1.1.1'
	Mod ID: 'fancymenu_video', Requested by: 'fancymenu', Expected range: '[99999.0 §cFancyMenu v3+ does not support the video extension. Please remove the extension.§r,99999.0 §cFancyMenu v3+ does not support the video extension. Please remove the extension.§r]', Actual version: '2.1.2'
[11:25:41] [main/INFO]: Launching target 'forgeclient' with arguments [--version, forge-47.3.0, --gameDir, C:\Users\owena\curseforge\minecraft\Instances\All Our Mods V2, --assetsDir, C:\Users\owena\curseforge\minecraft\Install\assets, --uuid, 032cdc4136eb47a997651176e71f3ef1, --username, Super2019, --assetIndex, 5, --accessToken, ????????, --clientId, M2U2ZWU1NGEtMGI1ZS00YjlhLTkwZDQtZDM4MjZlNzdiNWZl, --xuid, 2535455266721157, --userType, msa, --versionType, release, --width, 854, --height, 480, --quickPlayPath, C:\Users\owena\curseforge\minecraft\Install\quickPlay\java\1728401137958.json]
[11:25:44] [Datafixer Bootstrap/INFO]: 188 Datafixer optimizations took 108 milliseconds
[11:25:45] [Render thread/WARN]: Assets URL 'union:/C:/Users/owena/curseforge/minecraft/Install/libraries/net/minecraft/client/1.20.1-20230612.114412/client-1.20.1-20230612.114412-srg.jar%23174!/assets/.mcassetsroot' uses unexpected schema
[11:25:45] [Render thread/WARN]: Assets URL 'union:/C:/Users/owena/curseforge/minecraft/Install/libraries/net/minecraft/client/1.20.1-20230612.114412/client-1.20.1-20230612.114412-srg.jar%23174!/data/.mcassetsroot' uses unexpected schema
[11:25:45] [Render thread/INFO]: Environment: authHost='https://authserver.mojang.com', accountsHost='https://api.mojang.com', sessionHost='https://sessionserver.mojang.com', servicesHost='https://api.minecraftservices.com', name='PROD'
[11:25:50] [Render thread/ERROR]: Failed to verify authentication
com.mojang.authlib.exceptions.AuthenticationException: com.mojang.authlib.exceptions.MinecraftClientException: Failed to read from https://api.minecraftservices.com/player/attributes due to Connect timed out
	at com.mojang.authlib.exceptions.MinecraftClientException.toAuthenticationException(MinecraftClientException.java:28) ~[authlib-4.0.43.jar%23111!/:?]
	at com.mojang.authlib.yggdrasil.YggdrasilUserApiService.fetchProperties(YggdrasilUserApiService.java:160) ~[authlib-4.0.43.jar%23111!/:?]
	at com.mojang.authlib.yggdrasil.YggdrasilUserApiService.<init>(YggdrasilUserApiService.java:55) ~[authlib-4.0.43.jar%23111!/:?]
	at com.mojang.authlib.yggdrasil.YggdrasilAuthenticationService.createUserApiService(YggdrasilAuthenticationService.java:124) ~[authlib-4.0.43.jar%23111!/:?]
	at net.minecraft.client.Minecraft.m_193585_(Minecraft.java:649) ~[client-1.20.1-20230612.114412-srg.jar%23174!/:?]
	at net.minecraft.client.Minecraft.<init>(Minecraft.java:413) ~[client-1.20.1-20230612.114412-srg.jar%23174!/:?]
	at net.minecraft.client.main.Main.main(Main.java:182) ~[forge-47.3.0.jar:?]
	at jdk.internal.reflect.NativeMethodAccessorImpl.invoke0(Native Method) ~[?:?]
	at jdk.internal.reflect.NativeMethodAccessorImpl.invoke(NativeMethodAccessorImpl.java:77) ~[?:?]
	at jdk.internal.reflect.DelegatingMethodAccessorImpl.invoke(DelegatingMethodAccessorImpl.java:43) ~[?:?]
	at java.lang.reflect.Method.invoke(Method.java:568) ~[?:?]
	at net.minecraftforge.fml.loading.targets.CommonLaunchHandler.runTarget(CommonLaunchHandler.java:111) ~[fmlloader-1.20.1-47.3.0.jar:?]
	at net.minecraftforge.fml.loading.targets.CommonLaunchHandler.clientService(CommonLaunchHandler.java:99) ~[fmlloader-1.20.1-47.3.0.jar:?]
	at net.minecraftforge.fml.loading.targets.CommonClientLaunchHandler.lambda$makeService$0(CommonClientLaunchHandler.java:25) ~[fmlloader-1.20.1-47.3.0.jar:?]
	at cpw.mods.modlauncher.LaunchServiceHandlerDecorator.launch(LaunchServiceHandlerDecorator.java:30) ~[modlauncher-10.0.9.jar:?]
	at cpw.mods.modlauncher.LaunchServiceHandler.launch(LaunchServiceHandler.java:53) ~[modlauncher-10.0.9.jar:?]
	at cpw.mods.modlauncher.LaunchServiceHandler.launch(LaunchServiceHandler.java:71) ~[modlauncher-10.0.9.jar:?]
	at cpw.mods.modlauncher.Launcher.run(Launcher.java:108) ~[modlauncher-10.0.9.jar:?]
	at cpw.mods.modlauncher.Launcher.main(Launcher.java:78) ~[modlauncher-10.0.9.jar:?]
	at cpw.mods.modlauncher.BootstrapLaunchConsumer.accept(BootstrapLaunchConsumer.java:26) ~[modlauncher-10.0.9.jar:?]
	at cpw.mods.modlauncher.BootstrapLaunchConsumer.accept(BootstrapLaunchConsumer.java:23) ~[modlauncher-10.0.9.jar:?]
	at cpw.mods.bootstraplauncher.BootstrapLauncher.main(BootstrapLauncher.java:141) ~[bootstraplauncher-1.1.2.jar:?]
Caused by: com.mojang.authlib.exceptions.MinecraftClientException: Failed to read from https://api.minecraftservices.com/player/attributes due to Connect timed out
	at com.mojang.authlib.minecraft.client.MinecraftClient.readInputStream(MinecraftClient.java:93) ~[authlib-4.0.43.jar%23111!/:?]
	at com.mojang.authlib.minecraft.client.MinecraftClient.get(MinecraftClient.java:48) ~[authlib-4.0.43.jar%23111!/:?]
	at com.mojang.authlib.yggdrasil.YggdrasilUserApiService.fetchProperties(YggdrasilUserApiService.java:129) ~[authlib-4.0.43.jar%23111!/:?]
	... 20 more
Caused by: java.net.SocketTimeoutException: Connect timed out
	at sun.nio.ch.NioSocketImpl.timedFinishConnect(NioSocketImpl.java:551) ~[?:?]
	at sun.nio.ch.NioSocketImpl.connect(NioSocketImpl.java:602) ~[?:?]
	at java.net.SocksSocketImpl.connect(SocksSocketImpl.java:327) ~[?:?]
	at java.net.Socket.connect(Socket.java:633) ~[?:?]
	at sun.security.ssl.SSLSocketImpl.connect(SSLSocketImpl.java:304) ~[?:?]
	at sun.net.NetworkClient.doConnect(NetworkClient.java:178) ~[?:?]
	at sun.net.www.http.HttpClient.openServer(HttpClient.java:533) ~[?:?]
	at sun.net.www.http.HttpClient.openServer(HttpClient.java:638) ~[?:?]
	at sun.net.www.protocol.https.HttpsClient.<init>(HttpsClient.java:266) ~[?:?]
	at sun.net.www.protocol.https.HttpsClient.New(HttpsClient.java:380) ~[?:?]
	at sun.net.www.protocol.https.AbstractDelegateHttpsURLConnection.getNewHttpClient(AbstractDelegateHttpsURLConnection.java:193) ~[?:?]
	at sun.net.www.protocol.http.HttpURLConnection.plainConnect0(HttpURLConnection.java:1287) ~[?:?]
	at sun.net.www.protocol.http.HttpURLConnection.plainConnect(HttpURLConnection.java:1128) ~[?:?]
	at sun.net.www.protocol.https.AbstractDelegateHttpsURLConnection.connect(AbstractDelegateHttpsURLConnection.java:179) ~[?:?]
	at sun.net.www.protocol.http.HttpURLConnection.getInputStream0(HttpURLConnection.java:1665) ~[?:?]
	at sun.net.www.protocol.http.HttpURLConnection.getInputStream(HttpURLConnection.java:1589) ~[?:?]
	at java.net.HttpURLConnection.getResponseCode(HttpURLConnection.java:529) ~[?:?]
	at sun.net.www.protocol.https.HttpsURLConnectionImpl.getResponseCode(HttpsURLConnectionImpl.java:308) ~[?:?]
	at com.mojang.authlib.minecraft.client.MinecraftClient.readInputStream(MinecraftClient.java:72) ~[authlib-4.0.43.jar%23111!/:?]
	at com.mojang.authlib.minecraft.client.MinecraftClient.get(MinecraftClient.java:48) ~[authlib-4.0.43.jar%23111!/:?]
	at com.mojang.authlib.yggdrasil.YggdrasilUserApiService.fetchProperties(YggdrasilUserApiService.java:129) ~[authlib-4.0.43.jar%23111!/:?]
	... 20 more
[11:25:50] [Render thread/INFO]: Setting user: Super2019
[11:25:50] [Render thread/INFO]: Backend library: LWJGL version 3.3.1 build 7
[11:25:51] [Render thread/FATAL]: Error during pre-loading phase
net.minecraftforge.fml.ModLoadingException: Mod §efancymenu§r only supports §3fmextension_audio§r §o99999.0 §cFancyMenu v3+ does not support the audio extension. Please remove the extension.§r§r
§7Currently, §3fmextension_audio§r§7 is §o1.1.1
	at net.minecraftforge.fml.ModLoadingException.lambda$fromEarlyException$0(ModLoadingException.java:50) ~[fmlcore-1.20.1-47.3.0.jar%23175!/:?]
	at java.util.stream.ReferencePipeline$3$1.accept(ReferencePipeline.java:197) ~[?:?]
	at java.util.AbstractList$RandomAccessSpliterator.forEachRemaining(AbstractList.java:720) ~[?:?]
	at java.util.stream.AbstractPipeline.copyInto(AbstractPipeline.java:509) ~[?:?]
	at java.util.stream.AbstractPipeline.wrapAndCopyInto(AbstractPipeline.java:499) ~[?:?]
	at java.util.stream.ForEachOps$ForEachOp.evaluateSequential(ForEachOps.java:150) ~[?:?]
	at java.util.stream.ForEachOps$ForEachOp$OfRef.evaluateSequential(ForEachOps.java:173) ~[?:?]
	at java.util.stream.AbstractPipeline.evaluate(AbstractPipeline.java:234) ~[?:?]
	at java.util.stream.ReferencePipeline.forEach(ReferencePipeline.java:596) ~[?:?]
	at java.util.stream.ReferencePipeline$7$1.accept(ReferencePipeline.java:276) ~[?:?]
	at java.util.ArrayList$ArrayListSpliterator.forEachRemaining(ArrayList.java:1625) ~[?:?]
	at java.util.stream.AbstractPipeline.copyInto(AbstractPipeline.java:509) ~[?:?]
	at java.util.stream.AbstractPipeline.wrapAndCopyInto(AbstractPipeline.java:499) ~[?:?]
	at java.util.stream.ReduceOps$ReduceOp.evaluateSequential(ReduceOps.java:921) ~[?:?]
	at java.util.stream.AbstractPipeline.evaluate(AbstractPipeline.java:234) ~[?:?]
	at java.util.stream.ReferencePipeline.collect(ReferencePipeline.java:682) ~[?:?]
	at net.minecraftforge.fml.ModLoader.<init>(ModLoader.java:96) ~[fmlcore-1.20.1-47.3.0.jar%23175!/:?]
	at net.minecraftforge.fml.ModLoader.get(ModLoader.java:128) ~[fmlcore-1.20.1-47.3.0.jar%23175!/:?]
	at net.minecraftforge.client.loading.ClientModLoader.lambda$begin$1(ClientModLoader.java:69) ~[forge-1.20.1-47.3.0-universal.jar%23179!/:?]
	at net.minecraftforge.client.loading.ClientModLoader.lambda$createRunnableWithCatch$4(ClientModLoader.java:89) ~[forge-1.20.1-47.3.0-universal.jar%23179!/:?]
	at net.minecraftforge.client.loading.ClientModLoader.begin(ClientModLoader.java:69) ~[forge-1.20.1-47.3.0-universal.jar%23179!/:?]
	at net.minecraft.client.Minecraft.<init>(Minecraft.java:459) ~[client-1.20.1-20230612.114412-srg.jar%23174!/:?]
	at net.minecraft.client.main.Main.main(Main.java:182) ~[forge-47.3.0.jar:?]
	at jdk.internal.reflect.NativeMethodAccessorImpl.invoke0(Native Method) ~[?:?]
	at jdk.internal.reflect.NativeMethodAccessorImpl.invoke(NativeMethodAccessorImpl.java:77) ~[?:?]
	at jdk.internal.reflect.DelegatingMethodAccessorImpl.invoke(DelegatingMethodAccessorImpl.java:43) ~[?:?]
	at java.lang.reflect.Method.invoke(Method.java:568) ~[?:?]
	at net.minecraftforge.fml.loading.targets.CommonLaunchHandler.runTarget(CommonLaunchHandler.java:111) ~[fmlloader-1.20.1-47.3.0.jar:?]
	at net.minecraftforge.fml.loading.targets.CommonLaunchHandler.clientService(CommonLaunchHandler.java:99) ~[fmlloader-1.20.1-47.3.0.jar:?]
	at net.minecraftforge.fml.loading.targets.CommonClientLaunchHandler.lambda$makeService$0(CommonClientLaunchHandler.java:25) ~[fmlloader-1.20.1-47.3.0.jar:?]
	at cpw.mods.modlauncher.LaunchServiceHandlerDecorator.launch(LaunchServiceHandlerDecorator.java:30) ~[modlauncher-10.0.9.jar:?]
	at cpw.mods.modlauncher.LaunchServiceHandler.launch(LaunchServiceHandler.java:53) ~[modlauncher-10.0.9.jar:?]
	at cpw.mods.modlauncher.LaunchServiceHandler.launch(LaunchServiceHandler.java:71) ~[modlauncher-10.0.9.jar:?]
	at cpw.mods.modlauncher.Launcher.run(Launcher.java:108) ~[modlauncher-10.0.9.jar:?]
	at cpw.mods.modlauncher.Launcher.main(Launcher.java:78) ~[modlauncher-10.0.9.jar:?]
	at cpw.mods.modlauncher.BootstrapLaunchConsumer.accept(BootstrapLaunchConsumer.java:26) ~[modlauncher-10.0.9.jar:?]
	at cpw.mods.modlauncher.BootstrapLaunchConsumer.accept(BootstrapLaunchConsumer.java:23) ~[modlauncher-10.0.9.jar:?]
	at cpw.mods.bootstraplauncher.BootstrapLauncher.main(BootstrapLauncher.java:141) ~[bootstraplauncher-1.1.2.jar:?]
[11:25:51] [Render thread/ERROR]: Cowardly refusing to send event net.minecraftforge.client.event.sound.SoundEngineLoadEvent to a broken mod state
[11:25:51] [Render thread/ERROR]: Cowardly refusing to send event net.minecraftforge.client.event.RegisterColorHandlersEvent$Block to a broken mod state
[11:25:51] [Render thread/ERROR]: Cowardly refusing to send event net.minecraftforge.client.event.RegisterColorHandlersEvent$Item to a broken mod state
[11:25:51] [Render thread/ERROR]: Cowardly refusing to send event net.minecraftforge.client.event.RenderLevelStageEvent$RegisterStageEvent to a broken mod state
[11:25:51] [Render thread/ERROR]: Cowardly refusing to send event net.minecraftforge.client.event.RegisterParticleProvidersEvent to a broken mod state
[11:25:51] [Render thread/ERROR]: Cowardly refusing to send event net.minecraftforge.client.event.RegisterClientReloadListenersEvent to a broken mod state
[11:25:51] [Render thread/ERROR]: Cowardly refusing to send event net.minecraftforge.client.event.EntityRenderersEvent$RegisterLayerDefinitions to a broken mod state
[11:25:51] [Render thread/ERROR]: Cowardly refusing to send event net.minecraftforge.client.event.EntityRenderersEvent$RegisterRenderers to a broken mod state
[11:25:51] [Render thread/ERROR]: Cowardly refusing to send event net.minecraftforge.client.event.RegisterTextureAtlasSpriteLoadersEvent to a broken mod state
[11:25:51] [Render thread/ERROR]: Cowardly refusing to send event net.minecraftforge.client.event.RegisterClientTooltipComponentFactoriesEvent to a broken mod state
[11:25:51] [Render thread/ERROR]: Cowardly refusing to send event net.minecraftforge.client.event.RegisterEntitySpectatorShadersEvent to a broken mod state
[11:25:51] [Render thread/ERROR]: Cowardly refusing to send event net.minecraftforge.client.event.RegisterKeyMappingsEvent to a broken mod state
[11:25:51] [Render thread/ERROR]: Cowardly refusing to send event net.minecraftforge.client.event.RegisterRecipeBookCategoriesEvent to a broken mod state
[11:25:51] [Render thread/ERROR]: Cowardly refusing to send event net.minecraftforge.client.event.RegisterGuiOverlaysEvent to a broken mod state
[11:25:51] [Render thread/ERROR]: Cowardly refusing to send event net.minecraftforge.client.event.RegisterDimensionSpecialEffectsEvent to a broken mod state
[11:25:51] [Render thread/ERROR]: Cowardly refusing to send event net.minecraftforge.client.event.RegisterNamedRenderTypesEvent to a broken mod state
[11:25:51] [Render thread/ERROR]: Cowardly refusing to send event net.minecraftforge.client.event.RegisterColorHandlersEvent$ColorResolvers to a broken mod state
[11:25:51] [Render thread/ERROR]: Cowardly refusing to send event net.minecraftforge.client.event.RegisterItemDecorationsEvent to a broken mod state
[11:25:51] [Render thread/ERROR]: Cowardly refusing to send event net.minecraftforge.client.event.RegisterPresetEditorsEvent to a broken mod state
[11:25:51] [Worker-Main-1/ERROR]: Failed to retrieve profile key pair
java.io.IOException: Could not retrieve profile key pair
	at net.minecraft.client.multiplayer.AccountProfileKeyPairManager.m_253252_(AccountProfileKeyPairManager.java:129) ~[client-1.20.1-20230612.114412-srg.jar%23174!/:?]
	at net.minecraft.client.multiplayer.AccountProfileKeyPairManager.m_252828_(AccountProfileKeyPairManager.java:74) ~[client-1.20.1-20230612.114412-srg.jar%23174!/:?]
	at java.util.concurrent.CompletableFuture$AsyncSupply.run(CompletableFuture.java:1768) ~[?:?]
	at java.util.concurrent.CompletableFuture$AsyncSupply.exec(CompletableFuture.java:1760) ~[?:?]
	at java.util.concurrent.ForkJoinTask.doExec(ForkJoinTask.java:373) ~[?:?]
	at java.util.concurrent.ForkJoinPool$WorkQueue.topLevelExec(ForkJoinPool.java:1182) ~[?:?]
	at java.util.concurrent.ForkJoinPool.scan(ForkJoinPool.java:1655) ~[?:?]
	at java.util.concurrent.ForkJoinPool.runWorker(ForkJoinPool.java:1622) ~[?:?]
	at java.util.concurrent.ForkJoinWorkerThread.run(ForkJoinWorkerThread.java:165) ~[?:?]
[11:25:51] [Render thread/INFO]: Reloading ResourceManager: vanilla
[11:25:51] [Render thread/ERROR]: Cowardly refusing to send event net.minecraftforge.client.event.ModelEvent$RegisterGeometryLoaders to a broken mod state
[11:25:51] [Worker-Main-12/INFO]: Found unifont_all_no_pua-15.0.06.hex, loading
[11:25:52] [Worker-Main-2/ERROR]: Cowardly refusing to send event net.minecraftforge.client.event.ModelEvent$RegisterAdditional to a broken mod state
[11:25:52] [Worker-Main-2/ERROR]: Cowardly refusing to send event net.minecraftforge.client.event.ModelEvent$ModifyBakingResult to a broken mod state
[11:25:52] [Render thread/WARN]: Missing sound for event: minecraft:item.goat_horn.play
[11:25:52] [Render thread/WARN]: Missing sound for event: minecraft:entity.goat.screaming.horn_break
[11:25:52] [Render thread/INFO]: OpenAL initialized on device OpenAL Soft on Headphones (Razer Barracuda X (BT))
[11:25:52] [Render thread/INFO]: Sound engine started
[11:25:52] [Render thread/ERROR]: Cowardly refusing to send event net.minecraftforge.client.event.sound.SoundEngineLoadEvent to a broken mod state
[11:25:53] [Render thread/INFO]: Created: 1024x512x4 minecraft:textures/atlas/blocks.png-atlas
[11:25:53] [Render thread/ERROR]: Cowardly refusing to send event net.minecraftforge.client.event.TextureStitchEvent$Post to a broken mod state
[11:25:53] [Render thread/INFO]: Created: 256x256x4 minecraft:textures/atlas/signs.png-atlas
[11:25:53] [Render thread/ERROR]: Cowardly refusing to send event net.minecraftforge.client.event.TextureStitchEvent$Post to a broken mod state
[11:25:53] [Render thread/INFO]: Created: 512x512x4 minecraft:textures/atlas/shield_patterns.png-atlas
[11:25:53] [Render thread/ERROR]: Cowardly refusing to send event net.minecraftforge.client.event.TextureStitchEvent$Post to a broken mod state
[11:25:53] [Render thread/INFO]: Created: 512x512x4 minecraft:textures/atlas/banner_patterns.png-atlas
[11:25:53] [Render thread/ERROR]: Cowardly refusing to send event net.minecraftforge.client.event.TextureStitchEvent$Post to a broken mod state
[11:25:53] [Render thread/INFO]: Created: 1024x1024x4 minecraft:textures/atlas/armor_trims.png-atlas
[11:25:53] [Render thread/ERROR]: Cowardly refusing to send event net.minecraftforge.client.event.TextureStitchEvent$Post to a broken mod state
[11:25:53] [Render thread/INFO]: Created: 128x64x4 minecraft:textures/atlas/decorated_pot.png-atlas
[11:25:53] [Render thread/ERROR]: Cowardly refusing to send event net.minecraftforge.client.event.TextureStitchEvent$Post to a broken mod state
[11:25:53] [Render thread/INFO]: Created: 256x256x4 minecraft:textures/atlas/chest.png-atlas
[11:25:53] [Render thread/ERROR]: Cowardly refusing to send event net.minecraftforge.client.event.TextureStitchEvent$Post to a broken mod state
[11:25:53] [Render thread/INFO]: Created: 512x256x4 minecraft:textures/atlas/shulker_boxes.png-atlas
[11:25:53] [Render thread/ERROR]: Cowardly refusing to send event net.minecraftforge.client.event.TextureStitchEvent$Post to a broken mod state
[11:25:53] [Render thread/INFO]: Created: 512x256x4 minecraft:textures/atlas/beds.png-atlas
[11:25:53] [Render thread/ERROR]: Cowardly refusing to send event net.minecraftforge.client.event.TextureStitchEvent$Post to a broken mod state
[11:25:53] [Render thread/ERROR]: Cowardly refusing to send event net.minecraftforge.client.event.ModelEvent$BakingCompleted to a broken mod state
[11:25:53] [Render thread/ERROR]: Cowardly refusing to send event net.minecraftforge.client.event.EntityRenderersEvent$CreateSkullModels to a broken mod state
[11:25:53] [Render thread/ERROR]: Cowardly refusing to send event net.minecraftforge.client.event.EntityRenderersEvent$CreateSkullModels to a broken mod state
[11:25:53] [Render thread/ERROR]: Cowardly refusing to send event net.minecraftforge.client.event.EntityRenderersEvent$CreateSkullModels to a broken mod state
[11:25:53] [Render thread/ERROR]: Cowardly refusing to send event net.minecraftforge.client.event.EntityRenderersEvent$CreateSkullModels to a broken mod state
[11:25:53] [Render thread/ERROR]: Cowardly refusing to send event net.minecraftforge.client.event.EntityRenderersEvent$CreateSkullModels to a broken mod state
[11:25:53] [Render thread/ERROR]: Cowardly refusing to send event net.minecraftforge.client.event.EntityRenderersEvent$CreateSkullModels to a broken mod state
[11:25:53] [Render thread/ERROR]: Cowardly refusing to send event net.minecraftforge.client.event.EntityRenderersEvent$CreateSkullModels to a broken mod state
[11:25:53] [Render thread/ERROR]: Cowardly refusing to send event net.minecraftforge.client.event.EntityRenderersEvent$CreateSkullModels to a broken mod state
[11:25:53] [Render thread/ERROR]: Cowardly refusing to send event net.minecraftforge.client.event.EntityRenderersEvent$CreateSkullModels to a broken mod state
[11:25:53] [Render thread/ERROR]: Cowardly refusing to send event net.minecraftforge.client.event.EntityRenderersEvent$CreateSkullModels to a broken mod state
[11:25:53] [Render thread/ERROR]: Cowardly refusing to send event net.minecraftforge.client.event.EntityRenderersEvent$CreateSkullModels to a broken mod state
[11:25:53] [Render thread/ERROR]: Cowardly refusing to send event net.minecraftforge.client.event.EntityRenderersEvent$CreateSkullModels to a broken mod state
[11:25:53] [Render thread/ERROR]: Cowardly refusing to send event net.minecraftforge.client.event.EntityRenderersEvent$CreateSkullModels to a broken mod state
[11:25:53] [Render thread/ERROR]: Cowardly refusing to send event net.minecraftforge.client.event.EntityRenderersEvent$CreateSkullModels to a broken mod state
[11:25:53] [Render thread/ERROR]: Cowardly refusing to send event net.minecraftforge.client.event.EntityRenderersEvent$CreateSkullModels to a broken mod state
[11:25:53] [Render thread/ERROR]: Cowardly refusing to send event net.minecraftforge.client.event.EntityRenderersEvent$CreateSkullModels to a broken mod state
[11:25:53] [Render thread/ERROR]: Cowardly refusing to send event net.minecraftforge.client.event.EntityRenderersEvent$CreateSkullModels to a broken mod state
[11:25:53] [Render thread/ERROR]: Cowardly refusing to send event net.minecraftforge.client.event.EntityRenderersEvent$CreateSkullModels to a broken mod state
[11:25:53] [Render thread/ERROR]: Cowardly refusing to send event net.minecraftforge.client.event.EntityRenderersEvent$CreateSkullModels to a broken mod state
[11:25:53] [Render thread/ERROR]: Cowardly refusing to send event net.minecraftforge.client.event.EntityRenderersEvent$CreateSkullModels to a broken mod state
[11:25:53] [Render thread/ERROR]: Cowardly refusing to send event net.minecraftforge.client.event.EntityRenderersEvent$CreateSkullModels to a broken mod state
[11:25:53] [Render thread/ERROR]: Cowardly refusing to send event net.minecraftforge.client.event.EntityRenderersEvent$AddLayers to a broken mod state
[11:25:53] [Render thread/WARN]: Shader rendertype_entity_translucent_emissive could not find sampler named Sampler2 in the specified shader program.
[11:25:53] [Render thread/ERROR]: Cowardly refusing to send event net.minecraftforge.client.event.RegisterShadersEvent to a broken mod state
[11:25:53] [Render thread/INFO]: Created: 256x256x0 minecraft:textures/atlas/particles.png-atlas
[11:25:53] [Render thread/ERROR]: Cowardly refusing to send event net.minecraftforge.client.event.TextureStitchEvent$Post to a broken mod state
[11:25:53] [Render thread/INFO]: Created: 256x256x0 minecraft:textures/atlas/paintings.png-atlas
[11:25:53] [Render thread/ERROR]: Cowardly refusing to send event net.minecraftforge.client.event.TextureStitchEvent$Post to a broken mod state
[11:25:53] [Render thread/INFO]: Created: 128x128x0 minecraft:textures/atlas/mob_effects.png-atlas
[11:25:53] [Render thread/ERROR]: Cowardly refusing to send event net.minecraftforge.client.event.TextureStitchEvent$Post to a broken mod state
[11:25:53] [Render thread/FATAL]: Crash report saved to C:\Users\owena\curseforge\minecraft\Instances\All Our Mods V2\crash-reports\crash-2024-10-08_11.25.53-fml.txt
[11:26:00] [Yggdrasil Key Fetcher/ERROR]: Failed to request yggdrasil public key
com.mojang.authlib.exceptions.AuthenticationUnavailableException: Cannot contact authentication server
	at com.mojang.authlib.yggdrasil.YggdrasilAuthenticationService.makeRequest(YggdrasilAuthenticationService.java:119) ~[authlib-4.0.43.jar%23111!/:?]
	at com.mojang.authlib.yggdrasil.YggdrasilAuthenticationService.makeRequest(YggdrasilAuthenticationService.java:91) ~[authlib-4.0.43.jar%23111!/:?]
	at com.mojang.authlib.yggdrasil.YggdrasilServicesKeyInfo.fetch(YggdrasilServicesKeyInfo.java:94) ~[authlib-4.0.43.jar%23111!/:?]
	at com.mojang.authlib.yggdrasil.YggdrasilServicesKeyInfo.lambda$get$1(YggdrasilServicesKeyInfo.java:81) ~[authlib-4.0.43.jar%23111!/:?]
	at java.util.concurrent.Executors$RunnableAdapter.call(Executors.java:539) ~[?:?]
	at java.util.concurrent.FutureTask.runAndReset(FutureTask.java:305) ~[?:?]
	at java.util.concurrent.ScheduledThreadPoolExecutor$ScheduledFutureTask.run(ScheduledThreadPoolExecutor.java:305) ~[?:?]
	at java.util.concurrent.ThreadPoolExecutor.runWorker(ThreadPoolExecutor.java:1136) ~[?:?]
	at java.util.concurrent.ThreadPoolExecutor$Worker.run(ThreadPoolExecutor.java:635) ~[?:?]
	at java.lang.Thread.run(Thread.java:833) ~[?:?]
Caused by: java.net.SocketTimeoutException: Connect timed out
	at sun.nio.ch.NioSocketImpl.timedFinishConnect(NioSocketImpl.java:551) ~[?:?]
	at sun.nio.ch.NioSocketImpl.connect(NioSocketImpl.java:602) ~[?:?]
	at java.net.SocksSocketImpl.connect(SocksSocketImpl.java:327) ~[?:?]
	at java.net.Socket.connect(Socket.java:633) ~[?:?]
	at sun.security.ssl.SSLSocketImpl.connect(SSLSocketImpl.java:304) ~[?:?]
	at sun.net.NetworkClient.doConnect(NetworkClient.java:178) ~[?:?]
	at sun.net.www.http.HttpClient.openServer(HttpClient.java:533) ~[?:?]
	at sun.net.www.http.HttpClient.openServer(HttpClient.java:638) ~[?:?]
	at sun.net.www.protocol.https.HttpsClient.<init>(HttpsClient.java:266) ~[?:?]
	at sun.net.www.protocol.https.HttpsClient.New(HttpsClient.java:380) ~[?:?]
	at sun.net.www.protocol.https.AbstractDelegateHttpsURLConnection.getNewHttpClient(AbstractDelegateHttpsURLConnection.java:193) ~[?:?]
	at sun.net.www.protocol.http.HttpURLConnection.plainConnect0(HttpURLConnection.java:1287) ~[?:?]
	at sun.net.www.protocol.http.HttpURLConnection.plainConnect(HttpURLConnection.java:1128) ~[?:?]
	at sun.net.www.protocol.https.AbstractDelegateHttpsURLConnection.connect(AbstractDelegateHttpsURLConnection.java:179) ~[?:?]
	at sun.net.www.protocol.http.HttpURLConnection.getInputStream0(HttpURLConnection.java:1665) ~[?:?]
	at sun.net.www.protocol.http.HttpURLConnection.getInputStream(HttpURLConnection.java:1589) ~[?:?]
	at sun.net.www.protocol.https.HttpsURLConnectionImpl.getInputStream(HttpsURLConnectionImpl.java:224) ~[?:?]
	at com.mojang.authlib.HttpAuthenticationService.performGetRequest(HttpAuthenticationService.java:140) ~[authlib-4.0.43.jar%23111!/:?]
	at com.mojang.authlib.yggdrasil.YggdrasilAuthenticationService.makeRequest(YggdrasilAuthenticationService.java:96) ~[authlib-4.0.43.jar%23111!/:?]
	... 9 more
[11:26:42] [Render thread/INFO]: Stopping!
